<?xml version="1.0" encoding="UTF-8"?>
<!-- Generated by org.testng.reporters.JUnitReportReporter -->
<testsuite hostname="Sekolahmus-MacBook-Air.local" failures="0" tests="1" name="org.example.Country_Test" time="22.721" errors="0" timestamp="2024-02-04T13:22:07 WIB" skipped="0">
  <testcase classname="org.example.Country_Test" name="selectCountry" time="22.721"/>
</testsuite> <!-- org.example.Country_Test -->
