<?xml version="1.0" encoding="UTF-8"?>
<testsuite xmlns:xsi="http://www.w3.org/2001/XMLSchema-instance" xsi:noNamespaceSchemaLocation="https://maven.apache.org/surefire/maven-surefire-plugin/xsd/surefire-test-report-3.0.xsd" version="3.0" name="TestSuite" time="68.615" tests="3" errors="0" skipped="0" failures="0">
  <properties>
    <property name="java.specification.version" value="18"/>
    <property name="sun.jnu.encoding" value="UTF-8"/>
    <property name="java.class.path" value="/Users/uswatunhasanah/IdeaProjects/MakeMyTrip_Project2/target/test-classes:/Users/uswatunhasanah/IdeaProjects/MakeMyTrip_Project2/target/classes:/Users/uswatunhasanah/.m2/repository/junit/junit/3.8.1/junit-3.8.1.jar:/Users/uswatunhasanah/.m2/repository/org/seleniumhq/selenium/selenium-java/4.8.0/selenium-java-4.8.0.jar:/Users/uswatunhasanah/.m2/repository/org/seleniumhq/selenium/selenium-api/4.8.0/selenium-api-4.8.0.jar:/Users/uswatunhasanah/.m2/repository/org/seleniumhq/selenium/selenium-chrome-driver/4.8.0/selenium-chrome-driver-4.8.0.jar:/Users/uswatunhasanah/.m2/repository/com/google/auto/service/auto-service-annotations/1.0.1/auto-service-annotations-1.0.1.jar:/Users/uswatunhasanah/.m2/repository/com/google/auto/service/auto-service/1.0.1/auto-service-1.0.1.jar:/Users/uswatunhasanah/.m2/repository/com/google/auto/auto-common/1.2/auto-common-1.2.jar:/Users/uswatunhasanah/.m2/repository/com/google/guava/guava/31.1-jre/guava-31.1-jre.jar:/Users/uswatunhasanah/.m2/repository/com/google/guava/failureaccess/1.0.1/failureaccess-1.0.1.jar:/Users/uswatunhasanah/.m2/repository/com/google/guava/listenablefuture/9999.0-empty-to-avoid-conflict-with-guava/listenablefuture-9999.0-empty-to-avoid-conflict-with-guava.jar:/Users/uswatunhasanah/.m2/repository/com/google/code/findbugs/jsr305/3.0.2/jsr305-3.0.2.jar:/Users/uswatunhasanah/.m2/repository/org/checkerframework/checker-qual/3.12.0/checker-qual-3.12.0.jar:/Users/uswatunhasanah/.m2/repository/com/google/errorprone/error_prone_annotations/2.11.0/error_prone_annotations-2.11.0.jar:/Users/uswatunhasanah/.m2/repository/com/google/j2objc/j2objc-annotations/1.3/j2objc-annotations-1.3.jar:/Users/uswatunhasanah/.m2/repository/org/seleniumhq/selenium/selenium-chromium-driver/4.8.0/selenium-chromium-driver-4.8.0.jar:/Users/uswatunhasanah/.m2/repository/org/seleniumhq/selenium/selenium-json/4.8.0/selenium-json-4.8.0.jar:/Users/uswatunhasanah/.m2/repository/org/seleniumhq/selenium/selenium-devtools-v107/4.8.0/selenium-devtools-v107-4.8.0.jar:/Users/uswatunhasanah/.m2/repository/org/seleniumhq/selenium/selenium-devtools-v108/4.8.0/selenium-devtools-v108-4.8.0.jar:/Users/uswatunhasanah/.m2/repository/org/seleniumhq/selenium/selenium-devtools-v109/4.8.0/selenium-devtools-v109-4.8.0.jar:/Users/uswatunhasanah/.m2/repository/org/seleniumhq/selenium/selenium-devtools-v85/4.8.0/selenium-devtools-v85-4.8.0.jar:/Users/uswatunhasanah/.m2/repository/org/seleniumhq/selenium/selenium-edge-driver/4.8.0/selenium-edge-driver-4.8.0.jar:/Users/uswatunhasanah/.m2/repository/org/seleniumhq/selenium/selenium-firefox-driver/4.8.0/selenium-firefox-driver-4.8.0.jar:/Users/uswatunhasanah/.m2/repository/org/seleniumhq/selenium/selenium-http/4.8.0/selenium-http-4.8.0.jar:/Users/uswatunhasanah/.m2/repository/dev/failsafe/failsafe/3.3.0/failsafe-3.3.0.jar:/Users/uswatunhasanah/.m2/repository/org/seleniumhq/selenium/selenium-ie-driver/4.8.0/selenium-ie-driver-4.8.0.jar:/Users/uswatunhasanah/.m2/repository/org/seleniumhq/selenium/selenium-remote-driver/4.8.0/selenium-remote-driver-4.8.0.jar:/Users/uswatunhasanah/.m2/repository/io/netty/netty-buffer/4.1.87.Final/netty-buffer-4.1.87.Final.jar:/Users/uswatunhasanah/.m2/repository/io/netty/netty-codec-http/4.1.87.Final/netty-codec-http-4.1.87.Final.jar:/Users/uswatunhasanah/.m2/repository/io/netty/netty-codec/4.1.87.Final/netty-codec-4.1.87.Final.jar:/Users/uswatunhasanah/.m2/repository/io/netty/netty-handler/4.1.87.Final/netty-handler-4.1.87.Final.jar:/Users/uswatunhasanah/.m2/repository/io/netty/netty-common/4.1.87.Final/netty-common-4.1.87.Final.jar:/Users/uswatunhasanah/.m2/repository/io/netty/netty-transport-classes-epoll/4.1.87.Final/netty-transport-classes-epoll-4.1.87.Final.jar:/Users/uswatunhasanah/.m2/repository/io/netty/netty-transport-classes-kqueue/4.1.87.Final/netty-transport-classes-kqueue-4.1.87.Final.jar:/Users/uswatunhasanah/.m2/repository/io/netty/netty-transport-native-epoll/4.1.87.Final/netty-transport-native-epoll-4.1.87.Final.jar:/Users/uswatunhasanah/.m2/repository/io/netty/netty-transport-native-kqueue/4.1.87.Final/netty-transport-native-kqueue-4.1.87.Final.jar:/Users/uswatunhasanah/.m2/repository/io/netty/netty-transport-native-unix-common/4.1.87.Final/netty-transport-native-unix-common-4.1.87.Final.jar:/Users/uswatunhasanah/.m2/repository/io/netty/netty-transport/4.1.87.Final/netty-transport-4.1.87.Final.jar:/Users/uswatunhasanah/.m2/repository/io/netty/netty-resolver/4.1.87.Final/netty-resolver-4.1.87.Final.jar:/Users/uswatunhasanah/.m2/repository/io/opentelemetry/opentelemetry-api/1.22.0/opentelemetry-api-1.22.0.jar:/Users/uswatunhasanah/.m2/repository/io/opentelemetry/opentelemetry-context/1.22.0/opentelemetry-context-1.22.0.jar:/Users/uswatunhasanah/.m2/repository/io/opentelemetry/opentelemetry-exporter-logging/1.22.0/opentelemetry-exporter-logging-1.22.0.jar:/Users/uswatunhasanah/.m2/repository/io/opentelemetry/opentelemetry-sdk-metrics/1.22.0/opentelemetry-sdk-metrics-1.22.0.jar:/Users/uswatunhasanah/.m2/repository/io/opentelemetry/opentelemetry-sdk-logs/1.22.0-alpha/opentelemetry-sdk-logs-1.22.0-alpha.jar:/Users/uswatunhasanah/.m2/repository/io/opentelemetry/opentelemetry-api-logs/1.22.0-alpha/opentelemetry-api-logs-1.22.0-alpha.jar:/Users/uswatunhasanah/.m2/repository/io/opentelemetry/opentelemetry-sdk-common/1.22.0/opentelemetry-sdk-common-1.22.0.jar:/Users/uswatunhasanah/.m2/repository/io/opentelemetry/opentelemetry-sdk-extension-autoconfigure-spi/1.22.0/opentelemetry-sdk-extension-autoconfigure-spi-1.22.0.jar:/Users/uswatunhasanah/.m2/repository/io/opentelemetry/opentelemetry-sdk-extension-autoconfigure/1.22.0-alpha/opentelemetry-sdk-extension-autoconfigure-1.22.0-alpha.jar:/Users/uswatunhasanah/.m2/repository/io/opentelemetry/opentelemetry-sdk-trace/1.22.0/opentelemetry-sdk-trace-1.22.0.jar:/Users/uswatunhasanah/.m2/repository/io/opentelemetry/opentelemetry-sdk/1.22.0/opentelemetry-sdk-1.22.0.jar:/Users/uswatunhasanah/.m2/repository/io/opentelemetry/opentelemetry-semconv/1.22.0-alpha/opentelemetry-semconv-1.22.0-alpha.jar:/Users/uswatunhasanah/.m2/repository/io/ous/jtoml/2.0.0/jtoml-2.0.0.jar:/Users/uswatunhasanah/.m2/repository/net/bytebuddy/byte-buddy/1.12.22/byte-buddy-1.12.22.jar:/Users/uswatunhasanah/.m2/repository/org/apache/commons/commons-exec/1.3/commons-exec-1.3.jar:/Users/uswatunhasanah/.m2/repository/org/asynchttpclient/async-http-client/2.12.3/async-http-client-2.12.3.jar:/Users/uswatunhasanah/.m2/repository/org/asynchttpclient/async-http-client-netty-utils/2.12.3/async-http-client-netty-utils-2.12.3.jar:/Users/uswatunhasanah/.m2/repository/io/netty/netty-codec-socks/4.1.60.Final/netty-codec-socks-4.1.60.Final.jar:/Users/uswatunhasanah/.m2/repository/io/netty/netty-handler-proxy/4.1.60.Final/netty-handler-proxy-4.1.60.Final.jar:/Users/uswatunhasanah/.m2/repository/io/netty/netty-transport-native-epoll/4.1.60.Final/netty-transport-native-epoll-4.1.60.Final-linux-x86_64.jar:/Users/uswatunhasanah/.m2/repository/io/netty/netty-transport-native-kqueue/4.1.60.Final/netty-transport-native-kqueue-4.1.60.Final-osx-x86_64.jar:/Users/uswatunhasanah/.m2/repository/org/reactivestreams/reactive-streams/1.0.3/reactive-streams-1.0.3.jar:/Users/uswatunhasanah/.m2/repository/com/typesafe/netty/netty-reactive-streams/2.0.4/netty-reactive-streams-2.0.4.jar:/Users/uswatunhasanah/.m2/repository/com/sun/activation/jakarta.activation/1.2.2/jakarta.activation-1.2.2.jar:/Users/uswatunhasanah/.m2/repository/org/seleniumhq/selenium/selenium-manager/4.8.0/selenium-manager-4.8.0.jar:/Users/uswatunhasanah/.m2/repository/org/seleniumhq/selenium/selenium-safari-driver/4.8.0/selenium-safari-driver-4.8.0.jar:/Users/uswatunhasanah/.m2/repository/org/seleniumhq/selenium/selenium-support/4.8.0/selenium-support-4.8.0.jar:/Users/uswatunhasanah/.m2/repository/org/testng/testng/7.8.0/testng-7.8.0.jar:/Users/uswatunhasanah/.m2/repository/org/slf4j/slf4j-api/1.7.36/slf4j-api-1.7.36.jar:/Users/uswatunhasanah/.m2/repository/com/beust/jcommander/1.82/jcommander-1.82.jar:/Users/uswatunhasanah/.m2/repository/org/webjars/jquery/3.6.1/jquery-3.6.1.jar:"/>
    <property name="java.vm.vendor" value="Amazon.com Inc."/>
    <property name="sun.arch.data.model" value="64"/>
    <property name="java.vendor.url" value="https://aws.amazon.com/corretto/"/>
    <property name="user.timezone" value="Asia/Jakarta"/>
    <property name="os.name" value="Mac OS X"/>
    <property name="java.vm.specification.version" value="18"/>
    <property name="sun.java.launcher" value="SUN_STANDARD"/>
    <property name="user.country" value="ID"/>
    <property name="sun.boot.library.path" value="/Users/uswatunhasanah/Library/Java/JavaVirtualMachines/corretto-18.0.2/Contents/Home/lib"/>
    <property name="sun.java.command" value="/Users/uswatunhasanah/IdeaProjects/MakeMyTrip_Project2/target/surefire/surefirebooter-20240204132058474_3.jar /Users/uswatunhasanah/IdeaProjects/MakeMyTrip_Project2/target/surefire 2024-02-04T13-20-58_429-jvmRun1 surefire-20240204132058474_1tmp surefire_0-20240204132058474_2tmp"/>
    <property name="http.nonProxyHosts" value="local|*.local|169.254/16|*.169.254/16"/>
    <property name="jdk.debug" value="release"/>
    <property name="surefire.test.class.path" value="/Users/uswatunhasanah/IdeaProjects/MakeMyTrip_Project2/target/test-classes:/Users/uswatunhasanah/IdeaProjects/MakeMyTrip_Project2/target/classes:/Users/uswatunhasanah/.m2/repository/junit/junit/3.8.1/junit-3.8.1.jar:/Users/uswatunhasanah/.m2/repository/org/seleniumhq/selenium/selenium-java/4.8.0/selenium-java-4.8.0.jar:/Users/uswatunhasanah/.m2/repository/org/seleniumhq/selenium/selenium-api/4.8.0/selenium-api-4.8.0.jar:/Users/uswatunhasanah/.m2/repository/org/seleniumhq/selenium/selenium-chrome-driver/4.8.0/selenium-chrome-driver-4.8.0.jar:/Users/uswatunhasanah/.m2/repository/com/google/auto/service/auto-service-annotations/1.0.1/auto-service-annotations-1.0.1.jar:/Users/uswatunhasanah/.m2/repository/com/google/auto/service/auto-service/1.0.1/auto-service-1.0.1.jar:/Users/uswatunhasanah/.m2/repository/com/google/auto/auto-common/1.2/auto-common-1.2.jar:/Users/uswatunhasanah/.m2/repository/com/google/guava/guava/31.1-jre/guava-31.1-jre.jar:/Users/uswatunhasanah/.m2/repository/com/google/guava/failureaccess/1.0.1/failureaccess-1.0.1.jar:/Users/uswatunhasanah/.m2/repository/com/google/guava/listenablefuture/9999.0-empty-to-avoid-conflict-with-guava/listenablefuture-9999.0-empty-to-avoid-conflict-with-guava.jar:/Users/uswatunhasanah/.m2/repository/com/google/code/findbugs/jsr305/3.0.2/jsr305-3.0.2.jar:/Users/uswatunhasanah/.m2/repository/org/checkerframework/checker-qual/3.12.0/checker-qual-3.12.0.jar:/Users/uswatunhasanah/.m2/repository/com/google/errorprone/error_prone_annotations/2.11.0/error_prone_annotations-2.11.0.jar:/Users/uswatunhasanah/.m2/repository/com/google/j2objc/j2objc-annotations/1.3/j2objc-annotations-1.3.jar:/Users/uswatunhasanah/.m2/repository/org/seleniumhq/selenium/selenium-chromium-driver/4.8.0/selenium-chromium-driver-4.8.0.jar:/Users/uswatunhasanah/.m2/repository/org/seleniumhq/selenium/selenium-json/4.8.0/selenium-json-4.8.0.jar:/Users/uswatunhasanah/.m2/repository/org/seleniumhq/selenium/selenium-devtools-v107/4.8.0/selenium-devtools-v107-4.8.0.jar:/Users/uswatunhasanah/.m2/repository/org/seleniumhq/selenium/selenium-devtools-v108/4.8.0/selenium-devtools-v108-4.8.0.jar:/Users/uswatunhasanah/.m2/repository/org/seleniumhq/selenium/selenium-devtools-v109/4.8.0/selenium-devtools-v109-4.8.0.jar:/Users/uswatunhasanah/.m2/repository/org/seleniumhq/selenium/selenium-devtools-v85/4.8.0/selenium-devtools-v85-4.8.0.jar:/Users/uswatunhasanah/.m2/repository/org/seleniumhq/selenium/selenium-edge-driver/4.8.0/selenium-edge-driver-4.8.0.jar:/Users/uswatunhasanah/.m2/repository/org/seleniumhq/selenium/selenium-firefox-driver/4.8.0/selenium-firefox-driver-4.8.0.jar:/Users/uswatunhasanah/.m2/repository/org/seleniumhq/selenium/selenium-http/4.8.0/selenium-http-4.8.0.jar:/Users/uswatunhasanah/.m2/repository/dev/failsafe/failsafe/3.3.0/failsafe-3.3.0.jar:/Users/uswatunhasanah/.m2/repository/org/seleniumhq/selenium/selenium-ie-driver/4.8.0/selenium-ie-driver-4.8.0.jar:/Users/uswatunhasanah/.m2/repository/org/seleniumhq/selenium/selenium-remote-driver/4.8.0/selenium-remote-driver-4.8.0.jar:/Users/uswatunhasanah/.m2/repository/io/netty/netty-buffer/4.1.87.Final/netty-buffer-4.1.87.Final.jar:/Users/uswatunhasanah/.m2/repository/io/netty/netty-codec-http/4.1.87.Final/netty-codec-http-4.1.87.Final.jar:/Users/uswatunhasanah/.m2/repository/io/netty/netty-codec/4.1.87.Final/netty-codec-4.1.87.Final.jar:/Users/uswatunhasanah/.m2/repository/io/netty/netty-handler/4.1.87.Final/netty-handler-4.1.87.Final.jar:/Users/uswatunhasanah/.m2/repository/io/netty/netty-common/4.1.87.Final/netty-common-4.1.87.Final.jar:/Users/uswatunhasanah/.m2/repository/io/netty/netty-transport-classes-epoll/4.1.87.Final/netty-transport-classes-epoll-4.1.87.Final.jar:/Users/uswatunhasanah/.m2/repository/io/netty/netty-transport-classes-kqueue/4.1.87.Final/netty-transport-classes-kqueue-4.1.87.Final.jar:/Users/uswatunhasanah/.m2/repository/io/netty/netty-transport-native-epoll/4.1.87.Final/netty-transport-native-epoll-4.1.87.Final.jar:/Users/uswatunhasanah/.m2/repository/io/netty/netty-transport-native-kqueue/4.1.87.Final/netty-transport-native-kqueue-4.1.87.Final.jar:/Users/uswatunhasanah/.m2/repository/io/netty/netty-transport-native-unix-common/4.1.87.Final/netty-transport-native-unix-common-4.1.87.Final.jar:/Users/uswatunhasanah/.m2/repository/io/netty/netty-transport/4.1.87.Final/netty-transport-4.1.87.Final.jar:/Users/uswatunhasanah/.m2/repository/io/netty/netty-resolver/4.1.87.Final/netty-resolver-4.1.87.Final.jar:/Users/uswatunhasanah/.m2/repository/io/opentelemetry/opentelemetry-api/1.22.0/opentelemetry-api-1.22.0.jar:/Users/uswatunhasanah/.m2/repository/io/opentelemetry/opentelemetry-context/1.22.0/opentelemetry-context-1.22.0.jar:/Users/uswatunhasanah/.m2/repository/io/opentelemetry/opentelemetry-exporter-logging/1.22.0/opentelemetry-exporter-logging-1.22.0.jar:/Users/uswatunhasanah/.m2/repository/io/opentelemetry/opentelemetry-sdk-metrics/1.22.0/opentelemetry-sdk-metrics-1.22.0.jar:/Users/uswatunhasanah/.m2/repository/io/opentelemetry/opentelemetry-sdk-logs/1.22.0-alpha/opentelemetry-sdk-logs-1.22.0-alpha.jar:/Users/uswatunhasanah/.m2/repository/io/opentelemetry/opentelemetry-api-logs/1.22.0-alpha/opentelemetry-api-logs-1.22.0-alpha.jar:/Users/uswatunhasanah/.m2/repository/io/opentelemetry/opentelemetry-sdk-common/1.22.0/opentelemetry-sdk-common-1.22.0.jar:/Users/uswatunhasanah/.m2/repository/io/opentelemetry/opentelemetry-sdk-extension-autoconfigure-spi/1.22.0/opentelemetry-sdk-extension-autoconfigure-spi-1.22.0.jar:/Users/uswatunhasanah/.m2/repository/io/opentelemetry/opentelemetry-sdk-extension-autoconfigure/1.22.0-alpha/opentelemetry-sdk-extension-autoconfigure-1.22.0-alpha.jar:/Users/uswatunhasanah/.m2/repository/io/opentelemetry/opentelemetry-sdk-trace/1.22.0/opentelemetry-sdk-trace-1.22.0.jar:/Users/uswatunhasanah/.m2/repository/io/opentelemetry/opentelemetry-sdk/1.22.0/opentelemetry-sdk-1.22.0.jar:/Users/uswatunhasanah/.m2/repository/io/opentelemetry/opentelemetry-semconv/1.22.0-alpha/opentelemetry-semconv-1.22.0-alpha.jar:/Users/uswatunhasanah/.m2/repository/io/ous/jtoml/2.0.0/jtoml-2.0.0.jar:/Users/uswatunhasanah/.m2/repository/net/bytebuddy/byte-buddy/1.12.22/byte-buddy-1.12.22.jar:/Users/uswatunhasanah/.m2/repository/org/apache/commons/commons-exec/1.3/commons-exec-1.3.jar:/Users/uswatunhasanah/.m2/repository/org/asynchttpclient/async-http-client/2.12.3/async-http-client-2.12.3.jar:/Users/uswatunhasanah/.m2/repository/org/asynchttpclient/async-http-client-netty-utils/2.12.3/async-http-client-netty-utils-2.12.3.jar:/Users/uswatunhasanah/.m2/repository/io/netty/netty-codec-socks/4.1.60.Final/netty-codec-socks-4.1.60.Final.jar:/Users/uswatunhasanah/.m2/repository/io/netty/netty-handler-proxy/4.1.60.Final/netty-handler-proxy-4.1.60.Final.jar:/Users/uswatunhasanah/.m2/repository/io/netty/netty-transport-native-epoll/4.1.60.Final/netty-transport-native-epoll-4.1.60.Final-linux-x86_64.jar:/Users/uswatunhasanah/.m2/repository/io/netty/netty-transport-native-kqueue/4.1.60.Final/netty-transport-native-kqueue-4.1.60.Final-osx-x86_64.jar:/Users/uswatunhasanah/.m2/repository/org/reactivestreams/reactive-streams/1.0.3/reactive-streams-1.0.3.jar:/Users/uswatunhasanah/.m2/repository/com/typesafe/netty/netty-reactive-streams/2.0.4/netty-reactive-streams-2.0.4.jar:/Users/uswatunhasanah/.m2/repository/com/sun/activation/jakarta.activation/1.2.2/jakarta.activation-1.2.2.jar:/Users/uswatunhasanah/.m2/repository/org/seleniumhq/selenium/selenium-manager/4.8.0/selenium-manager-4.8.0.jar:/Users/uswatunhasanah/.m2/repository/org/seleniumhq/selenium/selenium-safari-driver/4.8.0/selenium-safari-driver-4.8.0.jar:/Users/uswatunhasanah/.m2/repository/org/seleniumhq/selenium/selenium-support/4.8.0/selenium-support-4.8.0.jar:/Users/uswatunhasanah/.m2/repository/org/testng/testng/7.8.0/testng-7.8.0.jar:/Users/uswatunhasanah/.m2/repository/org/slf4j/slf4j-api/1.7.36/slf4j-api-1.7.36.jar:/Users/uswatunhasanah/.m2/repository/com/beust/jcommander/1.82/jcommander-1.82.jar:/Users/uswatunhasanah/.m2/repository/org/webjars/jquery/3.6.1/jquery-3.6.1.jar:"/>
    <property name="sun.cpu.endian" value="little"/>
    <property name="user.home" value="/Users/uswatunhasanah"/>
    <property name="user.language" value="en"/>
    <property name="java.specification.vendor" value="Oracle Corporation"/>
    <property name="java.version.date" value="2022-07-19"/>
    <property name="java.home" value="/Users/uswatunhasanah/Library/Java/JavaVirtualMachines/corretto-18.0.2/Contents/Home"/>
    <property name="file.separator" value="/"/>
    <property name="basedir" value="/Users/uswatunhasanah/IdeaProjects/MakeMyTrip_Project2"/>
    <property name="java.vm.compressedOopsMode" value="Zero based"/>
    <property name="line.separator" value="&#10;"/>
    <property name="java.vm.specification.vendor" value="Oracle Corporation"/>
    <property name="java.specification.name" value="Java Platform API Specification"/>
    <property name="apple.awt.application.name" value="ForkedBooter"/>
    <property name="surefire.real.class.path" value="/Users/uswatunhasanah/IdeaProjects/MakeMyTrip_Project2/target/surefire/surefirebooter-20240204132058474_3.jar"/>
    <property name="sun.management.compiler" value="HotSpot 64-Bit Tiered Compilers"/>
    <property name="ftp.nonProxyHosts" value="local|*.local|169.254/16|*.169.254/16"/>
    <property name="java.runtime.version" value="18.0.2+9-FR"/>
    <property name="user.name" value="uswatunhasanah"/>
    <property name="path.separator" value=":"/>
    <property name="os.version" value="11.6.3"/>
    <property name="java.runtime.name" value="OpenJDK Runtime Environment"/>
    <property name="file.encoding" value="UTF-8"/>
    <property name="java.vm.name" value="OpenJDK 64-Bit Server VM"/>
    <property name="java.vendor.version" value="Corretto-18.0.2.9.1"/>
    <property name="localRepository" value="/Users/uswatunhasanah/.m2/repository"/>
    <property name="java.vendor.url.bug" value="https://github.com/corretto/corretto-18/issues/"/>
    <property name="java.io.tmpdir" value="/var/folders/77/36y66nr51xv0l9h6md4hjsr00000gp/T/"/>
    <property name="java.version" value="18.0.2"/>
    <property name="user.dir" value="/Users/uswatunhasanah/IdeaProjects/MakeMyTrip_Project2"/>
    <property name="os.arch" value="aarch64"/>
    <property name="java.vm.specification.name" value="Java Virtual Machine Specification"/>
    <property name="native.encoding" value="UTF-8"/>
    <property name="java.library.path" value="/Users/uswatunhasanah/Library/Java/Extensions:/Library/Java/Extensions:/Network/Library/Java/Extensions:/System/Library/Java/Extensions:/usr/lib/java:."/>
    <property name="java.vm.info" value="mixed mode, sharing"/>
    <property name="java.vendor" value="Amazon.com Inc."/>
    <property name="java.vm.version" value="18.0.2+9-FR"/>
    <property name="sun.io.unicode.encoding" value="UnicodeBig"/>
    <property name="socksNonProxyHosts" value="local|*.local|169.254/16|*.169.254/16"/>
    <property name="java.class.version" value="62.0"/>
  </properties>
  <testcase name="selectFomCity" classname="org.example.HomePage_Test" time="28.004">
    <system-out><![CDATA[***Test Execution Started***
]]></system-out>
    <system-err><![CDATA[SLF4J: Failed to load class "org.slf4j.impl.StaticLoggerBinder".
SLF4J: Defaulting to no-operation (NOP) logger implementation
SLF4J: See http://www.slf4j.org/codes.html#StaticLoggerBinder for further details.
1707027659641	geckodriver	INFO	Listening on 127.0.0.1:22961
1707027659776	mozrunner::runner	INFO	Running command: MOZ_CRASHREPORTER="1" MOZ_CRASHREPORTER_NO_REPORT="1" MOZ_CRASHREPORTER_SHUTDOWN="1" MOZ_NO_REMOTE="1" "/App ... /[::1]:41912/" "-foreground" "-no-remote" "-profile" "/var/folders/77/36y66nr51xv0l9h6md4hjsr00000gp/T/rust_mozprofilevNFv3s"
console.warn: services.settings: Ignoring preference override of remote settings server
console.warn: services.settings: Allow by setting MOZ_REMOTE_SETTINGS_DEVTOOLS=1 in the environment
1707027660419	Marionette	INFO	Marionette enabled
console.error: "Warning: unrecognized command line flag" "-remote-allow-hosts"
console.error: "Warning: unrecognized command line flag" "-remote-allow-origins"
1707027660772	Marionette	INFO	Listening on port 50950
WebDriver BiDi listening on ws://127.0.0.1:41912
1707027661031	RemoteAgent	WARN	TLS certificate errors will be ignored for this session
DevTools listening on ws://127.0.0.1:41912/devtools/browser/cf8242d6-161d-4caa-9768-835767fcbed2
JavaScript warning: https://www.makemytrip.com/mqZAoQ3ep/3hpMR/-FxA/kEc5GVr2ft7h/DTFTQwE/VCs6V/wMEZUc, line 1: unreachable code after return statement
JavaScript warning: https://www.makemytrip.com/_sec/cp_challenge/sec-cpt-4-1.js, line 1: unreachable code after return statement
1707027663666	Marionette	WARN	Ignoring event 'pageshow' because document has an invalid readyState of 'interactive'.
JavaScript warning: https://www.makemytrip.com/mqZAoQ3ep/3hpMR/-FxA/kEc5GVr2ft7h/DTFTQwE/VCs6V/wMEZUc, line 1: WEBGL_debug_renderer_info is deprecated in Firefox and will be removed. Please use RENDERER.
JavaScript warning: https://www.makemytrip.com/mqZAoQ3ep/3hpMR/-FxA/kEc5GVr2ft7h/DTFTQwE/VCs6V/wMEZUc, line 1: WEBGL_debug_renderer_info is deprecated in Firefox and will be removed. Please use RENDERER.
JavaScript warning: https://www.makemytrip.com/mqZAoQ3ep/3hpMR/-FxA/kEc5GVr2ft7h/DTFTQwE/VCs6V/wMEZUc, line 1: WEBGL_debug_renderer_info is deprecated in Firefox and will be removed. Please use RENDERER.
console.error: ({})
JavaScript warning: https://www.makemytrip.com/_sec/cp_challenge/sec-cpt-int-4-1.js, line 1: unreachable code after return statement
JavaScript warning: https://www.makemytrip.com/mqZAoQ3ep/3hpMR/-FxA/kEc5uhr2ft7h/DTFTQwE/dHsYE/nkWDBE, line 1: unreachable code after return statement
JavaScript warning: https://www.makemytrip.com/_sec/cp_challenge/ak-challenge-4-1.js, line 1: unreachable code after return statement
JavaScript warning: https://www.makemytrip.com/mqZAoQ3ep/3hpMR/-FxA/kEc5uhr2ft7h/DTFTQwE/dHsYE/nkWDBE, line 1: WEBGL_debug_renderer_info is deprecated in Firefox and will be removed. Please use RENDERER.
JavaScript warning: https://www.makemytrip.com/mqZAoQ3ep/3hpMR/-FxA/kEc5uhr2ft7h/DTFTQwE/dHsYE/nkWDBE, line 1: WEBGL_debug_renderer_info is deprecated in Firefox and will be removed. Please use RENDERER.
JavaScript warning: https://www.makemytrip.com/mqZAoQ3ep/3hpMR/-FxA/kEc5uhr2ft7h/DTFTQwE/dHsYE/nkWDBE, line 1: WEBGL_debug_renderer_info is deprecated in Firefox and will be removed. Please use RENDERER.
JavaScript warning: https://www.makemytrip.com/mqZAoQ3ep/3hpMR/-FxA/kEc5uhr2ft7h/DTFTQwE/dHsYE/nkWDBE, line 1: unreachable code after return statement
JavaScript warning: https://www.makemytrip.com/_sec/cp_challenge/sec-cpt-4-1.js, line 1: unreachable code after return statement
JavaScript warning: https://www.makemytrip.com/mqZAoQ3ep/3hpMR/-FxA/kEc5uhr2ft7h/DTFTQwE/dHsYE/nkWDBE, line 1: WEBGL_debug_renderer_info is deprecated in Firefox and will be removed. Please use RENDERER.
JavaScript warning: https://www.makemytrip.com/mqZAoQ3ep/3hpMR/-FxA/kEc5uhr2ft7h/DTFTQwE/dHsYE/nkWDBE, line 1: WEBGL_debug_renderer_info is deprecated in Firefox and will be removed. Please use RENDERER.
JavaScript warning: https://www.makemytrip.com/mqZAoQ3ep/3hpMR/-FxA/kEc5uhr2ft7h/DTFTQwE/dHsYE/nkWDBE, line 1: WEBGL_debug_renderer_info is deprecated in Firefox and will be removed. Please use RENDERER.
1707027690473	addons.xpi	ERROR	System addon update list error SyntaxError: XMLHttpRequest.open: 'http://%(server)s/dummy-system-addons.xml' is not a valid URL.
]]></system-err>
  </testcase>
  <testcase name="selectCountry" classname="org.example.Country_Test" time="22.723">
    <system-err><![CDATA[1707027693181	RemoteAgent	INFO	Perform WebSocket upgrade for incoming connection from 127.0.0.1:51086
1707027693187	CDP	WARN	Invalid browser preferences for CDP. Set "fission.webContentIsolationStrategy"to 0 and "fission.bfcacheInParent" to false before Firefox starts.
1707027693207	Marionette	INFO	Stopped listening on port 50950
JavaScript warning: https://www.makemytrip.com/flight/search?itinerary=BKK-SIN-14/02/2024_SIN-BKK-15/02/2024&tripType=R&paxType=A-1_C-0_I-0&intl=true&cabinClass=E&ccde=IN&lang=eng, line 44: Script terminated by timeout at:
d@https://www.makemytrip.com/flight/search?itinerary=BKK-SIN-14/02/2024_SIN-BKK-15/02/2024&tripType=R&paxType=A-1_C-0_I-0&intl=true&cabinClass=E&ccde=IN&lang=eng:44:27079

1707027694137	geckodriver	INFO	Listening on 127.0.0.1:7401
1707027694189	mozrunner::runner	INFO	Running command: MOZ_CRASHREPORTER="1" MOZ_CRASHREPORTER_NO_REPORT="1" MOZ_CRASHREPORTER_SHUTDOWN="1" MOZ_NO_REMOTE="1" "/App ... /[::1]:15546/" "-foreground" "-no-remote" "-profile" "/var/folders/77/36y66nr51xv0l9h6md4hjsr00000gp/T/rust_mozprofilePUjgKg"
console.warn: services.settings: Ignoring preference override of remote settings server
console.warn: services.settings: Allow by setting MOZ_REMOTE_SETTINGS_DEVTOOLS=1 in the environment
1707027694498	Marionette	INFO	Marionette enabled
console.error: "Warning: unrecognized command line flag" "-remote-allow-hosts"
console.error: "Warning: unrecognized command line flag" "-remote-allow-origins"
1707027694743	Marionette	INFO	Listening on port 51092
WebDriver BiDi listening on ws://127.0.0.1:15546
1707027694951	RemoteAgent	WARN	TLS certificate errors will be ignored for this session
DevTools listening on ws://127.0.0.1:15546/devtools/browser/097e7321-6063-46ae-a053-08c5791d1425
JavaScript warning: https://www.makemytrip.com/mqZAoQ3ep/3hpMR/-FxA/kEc5GVr2ft7h/DTFTQwE/VCs6V/wMEZUc, line 1: unreachable code after return statement
JavaScript warning: https://www.makemytrip.com/_sec/cp_challenge/sec-cpt-4-1.js, line 1: unreachable code after return statement
1707027697174	Marionette	WARN	Ignoring event 'pageshow' because document has an invalid readyState of 'interactive'.
JavaScript warning: https://www.makemytrip.com/mqZAoQ3ep/3hpMR/-FxA/kEc5GVr2ft7h/DTFTQwE/VCs6V/wMEZUc, line 1: WEBGL_debug_renderer_info is deprecated in Firefox and will be removed. Please use RENDERER.
JavaScript warning: https://www.makemytrip.com/mqZAoQ3ep/3hpMR/-FxA/kEc5GVr2ft7h/DTFTQwE/VCs6V/wMEZUc, line 1: WEBGL_debug_renderer_info is deprecated in Firefox and will be removed. Please use RENDERER.
JavaScript warning: https://www.makemytrip.com/mqZAoQ3ep/3hpMR/-FxA/kEc5GVr2ft7h/DTFTQwE/VCs6V/wMEZUc, line 1: WEBGL_debug_renderer_info is deprecated in Firefox and will be removed. Please use RENDERER.
JavaScript warning: https://www.makemytrip.com/mqZAoQ3ep/3hpMR/-FxA/kEc5GVr2ft7h/DTFTQwE/VCs6V/wMEZUc, line 1: unreachable code after return statement
JavaScript warning: https://www.makemytrip.com/_sec/cp_challenge/sec-cpt-4-1.js, line 1: unreachable code after return statement
1707027702992	Marionette	WARN	Ignoring event 'pageshow' because document has an invalid readyState of 'interactive'.
JavaScript warning: https://www.makemytrip.com/mqZAoQ3ep/3hpMR/-FxA/kEc5GVr2ft7h/DTFTQwE/VCs6V/wMEZUc, line 1: WEBGL_debug_renderer_info is deprecated in Firefox and will be removed. Please use RENDERER.
JavaScript warning: https://www.makemytrip.com/mqZAoQ3ep/3hpMR/-FxA/kEc5GVr2ft7h/DTFTQwE/VCs6V/wMEZUc, line 1: WEBGL_debug_renderer_info is deprecated in Firefox and will be removed. Please use RENDERER.
JavaScript warning: https://www.makemytrip.com/mqZAoQ3ep/3hpMR/-FxA/kEc5GVr2ft7h/DTFTQwE/VCs6V/wMEZUc, line 1: WEBGL_debug_renderer_info is deprecated in Firefox and will be removed. Please use RENDERER.
JavaScript warning: https://www.makemytrip.com/mqZAoQ3ep/3hpMR/-FxA/kEc5GVr2ft7h/DTFTQwE/VCs6V/wMEZUc, line 1: unreachable code after return statement
JavaScript warning: https://www.makemytrip.com/_sec/cp_challenge/sec-cpt-4-1.js, line 1: unreachable code after return statement
1707027710622	Marionette	WARN	Ignoring event 'pageshow' because document has an invalid readyState of 'interactive'.
JavaScript warning: https://www.makemytrip.com/mqZAoQ3ep/3hpMR/-FxA/kEc5GVr2ft7h/DTFTQwE/VCs6V/wMEZUc, line 1: WEBGL_debug_renderer_info is deprecated in Firefox and will be removed. Please use RENDERER.
JavaScript warning: https://www.makemytrip.com/mqZAoQ3ep/3hpMR/-FxA/kEc5GVr2ft7h/DTFTQwE/VCs6V/wMEZUc, line 1: WEBGL_debug_renderer_info is deprecated in Firefox and will be removed. Please use RENDERER.
JavaScript warning: https://www.makemytrip.com/mqZAoQ3ep/3hpMR/-FxA/kEc5GVr2ft7h/DTFTQwE/VCs6V/wMEZUc, line 1: WEBGL_debug_renderer_info is deprecated in Firefox and will be removed. Please use RENDERER.
JavaScript error: https://jsak.mmtcdn.com/pwa_v3/pwa_commons/build/client/js/AdTechCard.4a14eed89eded9245ee1.js, line 1: TypeError: d is not a function
JavaScript warning: https://www.makemytrip.com/mqZAoQ3ep/3hpMR/-FxA/kEc5GVr2ft7h/DTFTQwE/VCs6V/wMEZUc, line 1: unreachable code after return statement
JavaScript warning: https://www.makemytrip.com/_sec/cp_challenge/sec-cpt-4-1.js, line 1: unreachable code after return statement
1707027718203	Marionette	WARN	Ignoring event 'pageshow' because document has an invalid readyState of 'interactive'.
JavaScript warning: https://www.makemytrip.com/mqZAoQ3ep/3hpMR/-FxA/kEc5GVr2ft7h/DTFTQwE/VCs6V/wMEZUc, line 1: WEBGL_debug_renderer_info is deprecated in Firefox and will be removed. Please use RENDERER.
JavaScript warning: https://www.makemytrip.com/mqZAoQ3ep/3hpMR/-FxA/kEc5GVr2ft7h/DTFTQwE/VCs6V/wMEZUc, line 1: WEBGL_debug_renderer_info is deprecated in Firefox and will be removed. Please use RENDERER.
JavaScript warning: https://www.makemytrip.com/mqZAoQ3ep/3hpMR/-FxA/kEc5GVr2ft7h/DTFTQwE/VCs6V/wMEZUc, line 1: WEBGL_debug_renderer_info is deprecated in Firefox and will be removed. Please use RENDERER.
]]></system-err>
  </testcase>
  <testcase name="testApp on testApp(org.example.AppTest)" classname="org.example.AppTest" time="28.544">
    <system-out><![CDATA[***Test Execution Finish***
]]></system-out>
    <system-err><![CDATA[1707027721393	RemoteAgent	INFO	Perform WebSocket upgrade for incoming connection from 127.0.0.1:51198
1707027721397	CDP	WARN	Invalid browser preferences for CDP. Set "fission.webContentIsolationStrategy"to 0 and "fission.bfcacheInParent" to false before Firefox starts.
1707027721398	Marionette	INFO	Stopped listening on port 51092
JavaScript warning: https://www.makemytrip.com/mqZAoQ3ep/3hpMR/-FxA/kEc5GVr2ft7h/DTFTQwE/VCs6V/wMEZUc, line 1: Script terminated by timeout at:
gI2@https://www.makemytrip.com/mqZAoQ3ep/3hpMR/-FxA/kEc5GVr2ft7h/DTFTQwE/VCs6V/wMEZUc:1:35742

]]></system-err>
  </testcase>
</testsuite>